2020-08-12 12:07:22,672 ERROR: Exception on /register [GET] [in e:\flutter\content\backend\env\lib\site-packages\flask\app.py:1892] 
Traceback (most recent call last):
  File "e:\flutter\content\backend\env\lib\site-packages\flask\app.py", line 2447, in wsgi_app
    response = self.full_dispatch_request()
  File "e:\flutter\content\backend\env\lib\site-packages\flask\app.py", line 1952, in full_dispatch_request
    rv = self.handle_user_exception(e)
  File "e:\flutter\content\backend\env\lib\site-packages\flask\app.py", line 1821, in handle_user_exception
    reraise(exc_type, exc_value, tb)
  File "e:\flutter\content\backend\env\lib\site-packages\flask\_compat.py", line 39, in reraise
    raise value
  File "e:\flutter\content\backend\env\lib\site-packages\flask\app.py", line 1950, in full_dispatch_request
    rv = self.dispatch_request()
  File "e:\flutter\content\backend\env\lib\site-packages\flask\app.py", line 1936, in dispatch_request
    return self.view_functions[rule.endpoint](**req.view_args)
  File "E:\flutter\content\backend\app\routes.py", line 173, in register
    return render_template('register.html', title='Register', form=form)
  File "e:\flutter\content\backend\env\lib\site-packages\flask\templating.py", line 138, in render_template
    ctx.app.jinja_env.get_or_select_template(template_name_or_list),
  File "e:\flutter\content\backend\env\lib\site-packages\jinja2\environment.py", line 930, in get_or_select_template
    return self.get_template(template_name_or_list, parent, globals)
  File "e:\flutter\content\backend\env\lib\site-packages\jinja2\environment.py", line 883, in get_template
    return self._load_template(name, self.make_globals(globals))
  File "e:\flutter\content\backend\env\lib\site-packages\jinja2\environment.py", line 857, in _load_template
    template = self.loader.load(self, name, globals)
  File "e:\flutter\content\backend\env\lib\site-packages\jinja2\loaders.py", line 127, in load
    code = environment.compile(source, name, filename)
  File "e:\flutter\content\backend\env\lib\site-packages\jinja2\environment.py", line 638, in compile
    self.handle_exception(source=source_hint)
  File "e:\flutter\content\backend\env\lib\site-packages\jinja2\environment.py", line 832, in handle_exception
    reraise(*rewrite_traceback_stack(source=source))
  File "e:\flutter\content\backend\env\lib\site-packages\jinja2\_compat.py", line 28, in reraise
    raise value.with_traceback(tb)
  File "E:\flutter\content\backend\app\templates\register.html", line 2, in template
    {% extends 'bootstrap/wtf.html' as wtf %}
jinja2.exceptions.TemplateSyntaxError: expected token 'end of statement block', got 'as'
